###############################################################################
#                                                                             #
# IAR C/C++ Compiler V1.42.1.142 for STM8               01/Jul/2016  17:30:45 #
# Copyright 2010-2013 IAR Systems AB.                                         #
#                                                                             #
#    Source file  =  E:\hwpro-2016\20160627_L\drivers\board_init.c            #
#    Command line =  E:\hwpro-2016\20160627_L\drivers\board_init.c -e -Ol     #
#                    --no_cse --no_unroll --no_inline --no_code_motion        #
#                    --no_tbaa --no_cross_call --debug --code_model medium    #
#                    --data_model medium -o E:\hwpro-2016\20160627_L\iar\Debu #
#                    g\Obj\ --dlib_config "C:\Program Files (x86)\IAR         #
#                    Systems\Embedded Workbench 6.5\stm8\LIB\dlstm8mmn.h" -D  #
#                    STM8L15X_MD -lC E:\hwpro-2016\20160627_L\iar\Debug\List\ #
#                     -I E:\hwpro-2016\20160627_L\iar\..\stm8l15x_lib\inc\    #
#                    -I E:\hwpro-2016\20160627_L\iar\..\user\inc\ -I          #
#                    E:\hwpro-2016\20160627_L\iar\..\utils\xprintf\ -I        #
#                    E:\hwpro-2016\20160627_L\iar\..\drivers\ -I              #
#                    E:\hwpro-2016\20160627_L\iar\..\utils\ -I                #
#                    E:\hwpro-2016\20160627_L\iar\..\app\ --vregs 16          #
#    List file    =  E:\hwpro-2016\20160627_L\iar\Debug\List\board_init.lst   #
#    Object file  =  E:\hwpro-2016\20160627_L\iar\Debug\Obj\board_init.o      #
#                                                                             #
#                                                                             #
###############################################################################

E:\hwpro-2016\20160627_L\drivers\board_init.c
      1          #include "stm8l15x.h"
      2          #include "boardiodef.h"
      3          #include "board_init.h"
      4          

   \                                 In section .far_func.text, align 1
      5          void boardClkInit(void)
      6          {
      7          	//CLK_DeInit( );
      8          	//CLK_SYSCLKSourceConfig(CLK_SYSCLKSource_HSI);
      9          	//CLK_SYSCLKDivConfig(CLK_SYSCLKDiv_1);
     10          	//CLK_ClockSecuritySystemEnable( );
     11          	//CLK_HSICmd(ENABLE);
     12          
     13          	CLK_SYSCLKDivConfig(CLK_SYSCLKDiv_1);
   \                     boardClkInit:
   \   000000 4F           CLR       A
   \   000001 8D ......    CALLF     CLK_SYSCLKDivConfig
     14          	//init LED PIN
     15          	GPIO_Init(LED_PORT, LED_PIN, GPIO_Mode_Out_OD_Low_Slow);
   \   000005 35 80 ....   MOV       S:?b0, #0x80
   \   000009 A6 02        LD        A, #0x2
   \   00000B AE 500F      LDW       X, #0x500f
   \   00000E AC ......    JPF       GPIO_Init
     16          }
     17          
     18          
     19          
     20          

   Section sizes:

   Bytes  Function/Label
   -----  --------------
      18  boardClkInit

 
 18 bytes in section .far_func.text
 
 18 bytes of CODE memory

Errors: none
Warnings: none
