###############################################################################
#                                                                             #
# IAR C/C++ Compiler V1.42.1.142 for STM8               01/Jul/2016  17:30:46 #
# Copyright 2010-2013 IAR Systems AB.                                         #
#                                                                             #
#    Source file  =  E:\hwpro-2016\20160627_L\utils\lib\random.c              #
#    Command line =  E:\hwpro-2016\20160627_L\utils\lib\random.c -e -Ol       #
#                    --no_cse --no_unroll --no_inline --no_code_motion        #
#                    --no_tbaa --no_cross_call --debug --code_model medium    #
#                    --data_model medium -o E:\hwpro-2016\20160627_L\iar\Debu #
#                    g\Obj\ --dlib_config "C:\Program Files (x86)\IAR         #
#                    Systems\Embedded Workbench 6.5\stm8\LIB\dlstm8mmn.h" -D  #
#                    STM8L15X_MD -lC E:\hwpro-2016\20160627_L\iar\Debug\List\ #
#                     -I E:\hwpro-2016\20160627_L\iar\..\stm8l15x_lib\inc\    #
#                    -I E:\hwpro-2016\20160627_L\iar\..\user\inc\ -I          #
#                    E:\hwpro-2016\20160627_L\iar\..\utils\xprintf\ -I        #
#                    E:\hwpro-2016\20160627_L\iar\..\drivers\ -I              #
#                    E:\hwpro-2016\20160627_L\iar\..\utils\ -I                #
#                    E:\hwpro-2016\20160627_L\iar\..\app\ --vregs 16          #
#    List file    =  E:\hwpro-2016\20160627_L\iar\Debug\List\random.lst       #
#    Object file  =  E:\hwpro-2016\20160627_L\iar\Debug\Obj\random.o          #
#                                                                             #
#                                                                             #
###############################################################################

E:\hwpro-2016\20160627_L\utils\lib\random.c
      1          /*
      2           * Copyright (c) 2005, Swedish Institute of Computer Science
      3           * All rights reserved.
      4           *
      5           * Redistribution and use in source and binary forms, with or without
      6           * modification, are permitted provided that the following conditions
      7           * are met:
      8           * 1. Redistributions of source code must retain the above copyright
      9           *    notice, this list of conditions and the following disclaimer.
     10           * 2. Redistributions in binary form must reproduce the above copyright
     11           *    notice, this list of conditions and the following disclaimer in the
     12           *    documentation and/or other materials provided with the distribution.
     13           * 3. Neither the name of the Institute nor the names of its contributors
     14           *    may be used to endorse or promote products derived from this software
     15           *    without specific prior written permission.
     16           *
     17           * THIS SOFTWARE IS PROVIDED BY THE INSTITUTE AND CONTRIBUTORS ``AS IS'' AND
     18           * ANY EXPRESS OR IMPLIED WARRANTIES, INCLUDING, BUT NOT LIMITED TO, THE
     19           * IMPLIED WARRANTIES OF MERCHANTABILITY AND FITNESS FOR A PARTICULAR PURPOSE
     20           * ARE DISCLAIMED.  IN NO EVENT SHALL THE INSTITUTE OR CONTRIBUTORS BE LIABLE
     21           * FOR ANY DIRECT, INDIRECT, INCIDENTAL, SPECIAL, EXEMPLARY, OR CONSEQUENTIAL
     22           * DAMAGES (INCLUDING, BUT NOT LIMITED TO, PROCUREMENT OF SUBSTITUTE GOODS
     23           * OR SERVICES; LOSS OF USE, DATA, OR PROFITS; OR BUSINESS INTERRUPTION)
     24           * HOWEVER CAUSED AND ON ANY THEORY OF LIABILITY, WHETHER IN CONTRACT, STRICT
     25           * LIABILITY, OR TORT (INCLUDING NEGLIGENCE OR OTHERWISE) ARISING IN ANY WAY
     26           * OUT OF THE USE OF THIS SOFTWARE, EVEN IF ADVISED OF THE POSSIBILITY OF
     27           * SUCH DAMAGE.
     28           *
     29           * This file is part of the Contiki operating system.
     30           *
     31           */
     32          
     33          
     34          #include "lib/random.h"
     35          
     36          
     37          #include <stdlib.h>
     38          
     39          /*---------------------------------------------------------------------------*/

   \                                 In section .far_func.text, align 1
     40          void
     41          random_init(unsigned short seed)
     42          {
     43            srand(seed);
   \                     random_init:
   \   000000 AC ......    JPF       srand
     44          }
     45          /*---------------------------------------------------------------------------*/

   \                                 In section .far_func.text, align 1
     46          unsigned short
     47          random_rand(void)
     48          {
     49          /* In gcc int rand() uses RAND_MAX and long random() uses RANDOM_MAX=0x7FFFFFFF */
     50          /* RAND_MAX varies depending on the architecture */
     51          
     52            return (unsigned short)rand();
   \                     random_rand:
   \   000000 AC ......    JPF       rand
     53          }
     54          /*---------------------------------------------------------------------------*/

   Section sizes:

   Bytes  Function/Label
   -----  --------------
       4  random_init
       4  random_rand

 
 8 bytes in section .far_func.text
 
 8 bytes of CODE memory

Errors: none
Warnings: none
